<?xml version="1.0" encoding="UTF-8"?>
<!-- Generated by org.testng.reporters.JUnitReportReporter -->
<testsuite hostname="LTIN297590" failures="0" tests="1" name="testCase.AcronymnsTest" time="95.330" errors="0" timestamp="2024-02-28T12:12:23 IST" skipped="0">
  <testcase classname="testCase.AcronymnsTest" name="UserInformation" time="95.330"/>
</testsuite> <!-- testCase.AcronymnsTest -->
